gpg-pubkey-1c9fd080-61f16591 1643210129 0 (none) installed
libgcc-11.3.1-4.3.el9.x86_64 1681898319 198764 560f4d17726a0b27a2d466508b39372f installed
crypto-policies-20221215-1.git9a18988.el9_2.1.noarch 1695109094 85220 d6a044a47db80b81f63f9bb923bc7095 installed
rust-srpm-macros-17-4.el9.noarch 1654120825 2447 287e29cb1e899913d8e16c0451b03920 installed
qt5-srpm-macros-5.15.3-1.el9.noarch 1666344415 492 6886694e7afee0dc08356f8510c64b48 installed
pyproject-srpm-macros-1.6.2-1.el9.noarch 1682454534 1512 62d597df0f266283bb0c3d35e54fd6db installed
perl-srpm-macros-1-41.el9.noarch 1654120749 862 4224134a84c17e7352c68dc34b55f266 installed
openblas-srpm-macros-2-11.el9.noarch 1654107009 104 e1b97aa26fd1411ca973d65a54877e13 installed
ocaml-srpm-macros-6-6.el9.noarch 1654099026 745 4a7de7898bce2b0040680d5d39b89354 installed
kernel-headers-5.14.0-284.30.1.el9_2.x86_64 1694762870 5924016 ba26773a10f25998f95ead983dff0e82 installed
ghc-srpm-macros-1.5.0-6.el9.noarch 1696116831 535 0871200412c7d48e72c1d340c7f8742a installed
gawk-all-langpacks-5.1.0-6.el9.x86_64 1654209550 1205149 017bd39679a7119e3550701f7d169567 installed
tzdata-2023c-1.el9.noarch 1680522108 1712614 e7ce8459550630ef0a11032378c88b2e installed
publicsuffix-list-dafsa-20210518-3.el9.noarch 1654028498 68815 6c46c4c6629d0e67a6d83f6c3b7f1778 installed
pkgconf-m4-1.7.3-10.el9.noarch 1680242785 14187 767e33b6bf1cf434ad3e2405ae27b915 installed
pcre2-syntax-10.40-2.el9.noarch 1666151119 234324 60ecc1f8e271849f30d4c174b8f64b9c installed
ncurses-base-6.2-8.20210508.el9.noarch 1653928697 307293 c93c5a802104ad75fc8fb2f6ed7e589a installed
libssh-config-0.10.4-8.el9.noarch 1680514673 277 2556330952aea9a6547a114762a92100 installed
el-release-9.2-1.0.el9.noarch 1683625658 36825 151c97e3ecf2697611ed8158b49798a4 installed
setup-2.13.7-9.el9.noarch 1680521560 725907 103d97a5a4ff1cf135c6990488964b46 installed
filesystem-3.16-2.el9.x86_64 1654208630 106 0f1284198d6c5c45317a1c86c9ae1b9e installed
basesystem-11-13.el9.noarch 1654015288 0 92713116c59b1d91ee730706856f7eb1 installed
glibc-gconv-extra-2.34-60.el9_2.7.x86_64 1696582860 8123100 d6fdbc4a9636448202e5d8f4ac8b6026 installed
glibc-minimal-langpack-2.34-60.el9_2.7.x86_64 1696582860 0 2b9abdd70cc60898eb4dbfe54504759e installed
glibc-common-2.34-60.el9_2.7.x86_64 1696582860 1081377 99ea62cbe6aacbd0b070576d6e1e054f installed
glibc-2.34-60.el9_2.7.x86_64 1696582860 6201867 05f1828ee68f208dc8df5d4ae8b47737 installed
ncurses-libs-6.2-8.20210508.el9.x86_64 1654191361 997503 9ee4aa763d12ab921fb028b406350392 installed
bash-5.1.8-6.el9_1.x86_64 1674639458 7738506 9b69375a94a8ea1dfa5a8d10e2aa9f82 installed
zlib-1.2.11-39.el9.x86_64 1680522418 202921 0d385e2742f338ab2265ae3ff34df9ab installed
libstdc++-11.3.1-4.3.el9.x86_64 1681898319 2524465 e87799d5f54969aba99667fdc88a972a installed
xz-libs-5.2.5-8.el9_0.x86_64 1654801329 181573 f3a25e63bf30721444e6b1b8cce7b67c installed
libzstd-1.5.1-2.el9.x86_64 1654188906 902059 d9128e1b930a719ec04cba74bfebc9cb installed
bzip2-libs-1.0.8-8.el9.x86_64 1654208171 78748 18538f37d2477c5147b90defceaf5f42 installed
libxcrypt-4.4.18-3.el9.x86_64 1654187957 270716 a32ce4bc34f7a01e874c171dabfa3ac4 installed
gmp-1:6.2.0-10.el9.x86_64 1653600162 818020 9711768a96f6075e39476ccdba4ee053 installed
mpfr-4.1.0-7.el9.x86_64 1654190912 802587 75229ccd3ea829392d376409b0675721 installed
elfutils-libelf-0.188-3.el9.x86_64 1680229859 1027568 6a849df82f50246e7743a081311e52ab installed
libcap-2.48-9.el9_2.x86_64 1694603156 177471 1777ad061ff3bb22042aa76047f20437 installed
libuuid-2.37.4-11.el9_2.x86_64 1683682528 33909 592c5ebe7b56760e68ddc7aaf64c2177 installed
libattr-2.5.1-3.el9.x86_64 1654207562 29445 9ad122a47f4b0b25aa125aa32271f4c9 installed
libacl-2.3.1-3.el9.x86_64 1654198024 41194 2b588aae2f4a9f224b7d1e2fbabbdb4a installed
lz4-libs-1.9.3-5.el9.x86_64 1654189966 145507 a76f8fd9ba45e44e58b7332ef6cd9e7c installed
popt-1.18-8.el9.x86_64 1654184685 130376 445c3d9c723ad1bf726c5e8383be1567 installed
libmpc-1.2.1-4.el9.x86_64 1654086714 138637 f68e2b58e475fc80b7b20b5b33a4af6c installed
readline-8.1-4.el9.x86_64 1654187795 492900 60098b98136c429db3e41f6f8e6496e8 installed
libcap-ng-0.8.2-7.el9.x86_64 1654238579 75196 395aea1414ba628f03997e7a311031c8 installed
audit-libs-3.0.7-103.el9.x86_64 1667864330 307169 d5b07261e631f859fe24b1f166f4b32a installed
libcom_err-1.46.5-3.el9.x86_64 1666158871 69041 d6e6badb6e6bf4a78308be6a6bc06f5c installed
unzip-6.0-56.el9.x86_64 1654200469 401059 b6cb3e56c0b5a933d473e32f289e408a installed
file-libs-5.39-12.1.el9_2.x86_64 1690968858 8086659 ef8cf82fb90447e5bfea12c044e42db3 installed
file-5.39-12.1.el9_2.x86_64 1690968858 102544 868622780c5fa151504353014206e476 installed
sqlite-libs-3.34.1-6.el9_1.x86_64 1674639749 1310776 b96e9a414cad850e1419a1c1affeda8d installed
alternatives-1.20-2.el9.x86_64 1654199297 63872 70ebbdae695b605c1bf8b8cc2a1a4f29 installed
gdbm-libs-1:1.19-4.el9.x86_64 1654209729 116306 ba000307a953d18959ecd956f835b200 installed
libffi-3.4.2-7.el9.x86_64 1654240038 66393 6b91d8628ae657c3461459702f04f676 installed
p11-kit-0.24.1-2.el9.x86_64 1654179066 1664534 3567365e93ddfe40b908bd0502fa3916 installed
libgomp-11.3.1-4.3.el9.x86_64 1681898319 420940 b0978dfb8f496f8d40eb1dbe896190c0 installed
libsepol-3.5-1.el9.x86_64 1680514142 787907 8db21772662610fe3b06a047c74ed109 installed
libsigsegv-2.13-4.el9.x86_64 1654181637 50354 39e7cc67e93b7a0261bf7ab1ce84aff2 installed
gawk-5.1.0-6.el9.x86_64 1654209550 1685670 1eed4d8a07636d85b6036abfcbc69629 installed
libsmartcols-2.37.4-11.el9_2.x86_64 1683682528 134787 d4ccad94f54f6b6826f5a93765bfdcf5 installed
libunistring-0.9.10-15.el9.x86_64 1654187433 1643051 3b63310c8db7b556117b2efa871f082e installed
libidn2-2.3.0-7.el9.x86_64 1654242223 253476 f6fc8ab7710f35371bcf74b7f34c3918 installed
lua-libs-5.4.4-3.el9.x86_64 1680515749 549502 f10e85ce03d90cfd3c01d5060add0b87 installed
pcre2-10.40-2.el9.x86_64 1666151002 653882 82bb26df29a5b3c0391d571e67cf5f38 installed
libselinux-3.5-1.el9.x86_64 1680527891 176645 e3c55e41ef0c0eb48d2696c3a4edec2c installed
sed-4.8-9.el9.x86_64 1654189224 813607 91f5e006fcaf08bafe5c87b462e72ed5 installed
findutils-1:4.8.0-5.el9.x86_64 1654208758 1758438 61a040c9473d9604ada2d112a754a369 installed
libsemanage-3.5-1.el9.x86_64 1681746234 307110 eb8fa5f465fbeb2fd5b5abca2de460a7 installed
shadow-utils-2:4.9-6.el9.x86_64 1680521573 3812483 76b02783aec2a558427d8ed37fb8d03b installed
libutempter-1.2.1-6.el9.x86_64 1654187821 59433 455c44e5853b57b3906041e1fbf8df06 installed
tar-2:1.34-6.el9_1.x86_64 1677603053 3155205 a03d22c1cea1f543653722f09ecac138 installed
libpsl-0.21.1-5.el9.x86_64 1654009183 78616 862a17d46d1421a6a4baf0dd2595bfc2 installed
zip-3.0-35.el9.x86_64 1680522375 741151 c2039576535ebcaac52fe8937ada6f55 installed
cpp-11.3.1-4.3.el9.x86_64 1681898319 30264427 1fbde7d9493c55eae5894dccb9de4fef installed
zstd-1.5.1-2.el9.x86_64 1654188906 1902812 f52b621a4850533149471e33673877c3 installed
acl-2.3.1-3.el9.x86_64 1654198024 214191 67ba5cb91189c90ffa16d1eef8f9592c installed
dwz-0.14-3.el9.x86_64 1654126690 281782 d65029c812eb62e892f9262f3eb16e10 installed
bzip2-1.0.8-8.el9.x86_64 1654208171 96080 6abfce73b0e0e81b8b88f2df685a1668 installed
libxml2-2.9.13-3.el9_2.1.x86_64 1690969705 1955276 fe0b74ec52b4c2d1f50361f5b3f1ec53 installed
groff-base-1.22.4-10.el9.x86_64 1654213790 4040406 61ca827b5f907ee8dd047ff0005d58dc installed
libstdc++-devel-11.3.1-4.3.el9.x86_64 1681898319 13533384 3e92ec234c61b024fd445f5a0426441e installed
info-6.7-15.el9.x86_64 1654215220 508027 90ec8d7cc26dc93dbba9087168554016 installed
ed-1.14.2-12.el9.x86_64 1654208266 129931 4e5a1e39cf743a62904775c2ecfab557 installed
patch-2.7.6-16.el9.x86_64 1654110761 265546 a5c0de20953bbc344300e643f1b864cd installed
systemd-rpm-macros-252-14.el9_2.3.noarch 1690971180 9213 211a3b219e5b06ef63cc600eeaf90596 installed
libedit-3.1-37.20210216cvs.el9.x86_64 1654239833 251951 04220fc01fee090d82cdd4be6b7d766a installed
llvm-libs-15.0.7-1.el9.x86_64 1681803034 94553432 aeaf63f4838a56a0093bd29a56f6fbd8 installed
ncurses-6.2-8.20210508.el9.x86_64 1654191361 629396 b43d16e5f4d14ab5aa97c5fab1b202f4 installed
cpio-2.13-16.el9.x86_64 1654209036 1088177 743d975ae4f39c0b83fabad64451c468 installed
diffutils-3.7-12.el9.x86_64 1654203752 1467882 c8012d56944c7ca81d9fe16ef0b6c6e2 installed
expat-2.5.0-1.el9.x86_64 1680230275 309093 e0ea67d6e687f0ba30a4e14a7edb5e80 installed
keyutils-libs-1.6.3-1.el9.x86_64 1680238081 55267 5c96ddfc9e9df4b7688bff5fd66ffd40 installed
libbrotli-1.0.9-6.el9.x86_64 1654238449 784602 dfd506deb697f841a74a27dad3aa95b8 installed
libdb-5.3.28-53.el9.x86_64 1654238863 1898046 131564327d8707f91c990712216e1856 installed
libeconf-0.4.1-3.el9_2.x86_64 1690969105 45723 cedec4433d3e2319d54f07740500f437 installed
libgpg-error-1.42-5.el9.x86_64 1654176648 837056 456ec4a9a76ea2b1641d3236ea726648 installed
libgcrypt-1.10.0-10.el9_2.x86_64 1683682606 1382050 5b1c20020e752589b0530d670146c973 installed
libnghttp2-1.43.0-5.el9_2.1.x86_64 1697641396 169772 42ba9a3c0209d9e5bf7ca63f1248cf77 installed
libpkgconf-1.7.3-10.el9.x86_64 1680242785 75425 4bf958262aaf95446438cad2b9e7110b installed
pkgconf-1.7.3-10.el9.x86_64 1680242785 77890 d12c8cb1f46e8fa1ca16f133a062ef27 installed
pkgconf-pkg-config-1.7.3-10.el9.x86_64 1680242785 1203 916c6fbdab77763acfea2694437a06e6 installed
libseccomp-2.5.2-2.el9.x86_64 1654181266 175261 5e72348f511a12bce94090a003323431 installed
libtasn1-4.16.0-8.el9_1.x86_64 1674639739 183228 758f79cf6a49587801a1d7e4f92e8d22 installed
p11-kit-trust-0.24.1-2.el9.x86_64 1654179066 450935 88eeaf89623677cf364c45e5c9ca45c8 installed
libverto-0.3.2-3.el9.x86_64 1654187857 30381 d0abcb85f9b6831d179df2d80d98aa45 installed
make-1:4.3-7.el9.x86_64 1654190155 1720870 d814f6e635dedc9ec01b589c2bbdf849 installed
pcre-8.44-3.el9.3.x86_64 1654180753 539328 836eec6436839dad3f6074fd63fd02d6 installed
grep-3.6-5.el9.x86_64 1654213461 857864 adc70acbed4d509df3d87dd9cbbc5797 installed
xz-5.2.5-8.el9_0.x86_64 1654801329 685931 30a1ee84ed834508803cc86520c0b10e installed
glibc-headers-2.34-60.el9_2.7.x86_64 1696582860 2165380 a7aea4b44cfb3ea6b6327d84ba713ed1 installed
libxcrypt-devel-4.4.18-3.el9.x86_64 1654187957 31019 4e0247501fbdcb7491fbd2fa5bcd306d installed
glibc-devel-2.34-60.el9_2.7.x86_64 1696582860 135336 eb1f9842752bdd31df5fd623779a4fd7 installed
coreutils-common-8.32-34.el9.x86_64 1680223832 10880498 bdd3c0538e5cbc5f5cbd81b24843df16 installed
openssl-libs-1:3.0.7-17.el9_2.x86_64 1690970551 6763932 52731e4ce03e97fd0799375f4bda5068 installed
coreutils-8.32-34.el9.x86_64 1680223832 5974498 1862b8eaebd432e317efc000b29d2228 installed
ca-certificates-2023.2.60_v7.0.306-90.1.el9_2.noarch 1694598358 2354652 34c7c5dd4d91f619738e54042d1c721f installed
libblkid-2.37.4-11.el9_2.x86_64 1683682528 229745 3051a484f1509218a0df2ab3b01dd2d8 installed
systemd-libs-252-14.el9_2.3.x86_64 1690971180 1806464 cf1decd68f3d4af9b302aea906307a0a installed
libmount-2.37.4-11.el9_2.x86_64 1683682528 310093 7decbed7aea7c7d8b5b07322dbf29673 installed
krb5-libs-1.20.1-9.el9_2.x86_64 1687519185 2182856 c7853fbb090eb355ed9228419370beb7 installed
libfdisk-2.37.4-11.el9_2.x86_64 1683682528 367771 0045566edd7287afdfa492915271c129 installed
gzip-1.12-1.el9.x86_64 1666130046 377005 9a2bbf46f5b1e5a6201b6c13c62d1017 installed
cracklib-2.9.6-27.el9.x86_64 1654209159 251890 0effba04a8ef8f75041bfa2b09f897cd installed
cracklib-dicts-2.9.6-27.el9.x86_64 1654209159 9815154 1cdf492c8981a367948efed325331871 installed
cyrus-sasl-lib-2.1.27-21.el9.x86_64 1680228231 2380264 f34c02aca2a0bcdfd11f16ff3486b90c installed
libssh-0.10.4-8.el9.x86_64 1680514673 531627 f85799f83a9959acb80aa94186ceee25 installed
util-linux-core-2.37.4-11.el9_2.x86_64 1683682528 1262783 dc1544585aeb328861fff86c79609a4f installed
perl-Digest-1.19-4.el9.noarch 1654114692 36844 96e722dac68a7ec3d8860d0fdbbd0b1f installed
perl-Digest-MD5-2.58-4.el9.x86_64 1654114716 61530 f2af1eae152bdea8055fb9ca6fe11b10 installed
perl-B-0:1.80-480.el9.x86_64 1681814770 504447 62afce59736a249eeefb481ddc62752d installed
perl-FileHandle-0:2.03-480.el9.noarch 1681815150 10530 f66fd1a8a039c8a41c4cddd0ed27dec5 installed
perl-AutoLoader-0:5.74-480.el9.noarch 1681815150 22037 1012951ceb646052ea413b6ec55b6c8f installed
perl-Data-Dumper-2.174-462.el9.x86_64 1654114408 111885 fc0fcb948c813503982ca2959c45a0dc installed
perl-libnet-3.13-4.el9.noarch 1654120629 299357 2ce58d8643a62828e470b4fa157ba21e installed
perl-base-0:2.27-480.el9.noarch 1681815150 13819 2f25d77068d1788e26ee2a2942fb4a80 installed
perl-URI-5.09-3.el9.noarch 1654120033 216915 ece191d44685e4775682de20fb9c9b9f installed
perl-Net-SSLeay-1.92-2.el9.x86_64 1666771618 1399960 ff759102026817ec3bdcbac87c40ae3e installed
perl-if-0:0.60.800-480.el9.noarch 1681815150 6874 ecd35c587ed95267c68206c561019728 installed
perl-IO-Socket-IP-0.41-5.el9.noarch 1654116998 100240 e36cd6efd67436e090c92269b68967ea installed
perl-Time-Local-2:1.300-7.el9.noarch 1654119326 67344 171c22e54b9d10e7b3867a7602a3a081 installed
perl-File-Path-2.18-4.el9.noarch 1654115218 65333 43dea2b080f0a2f97c304b771c964d24 installed
perl-IO-Socket-SSL-2.073-1.el9.noarch 1654797142 616297 f7353b8be65e50d41505fca3d83b8a37 installed
perl-Pod-Escapes-1:1.07-460.el9.noarch 1654118416 25764 b8f33749f0d6f8c558d9709cb31f5a79 installed
perl-Text-Tabs+Wrap-2013.0523-460.el9.noarch 1654119131 24828 a043b12c2fefd3110a9feecfb4a51c02 installed
perl-Mozilla-CA-20200520-6.el9.noarch 1654797346 5866 fb8bf2c8a70ff04e7a7ad062d198e68b installed
perl-Class-Struct-0:0.66-480.el9.noarch 1681815150 26953 febb165543fbdc2e4e8a8fd180d68a3d installed
perl-POSIX-0:1.94-480.el9.x86_64 1681814770 240027 6a75476c95552523db30e3f0558eaa4b installed
perl-Term-ANSIColor-5.01-461.el9.noarch 1667073092 100303 c08f4cdf1fc4b5721a2faa673033f51a installed
perl-IPC-Open3-0:1.21-480.el9.noarch 1681815150 25045 314c64bdaa22ac30e54fe05094d47055 installed
perl-subs-0:1.03-480.el9.noarch 1681815150 3061 2befc4607465072c6df3533afb71e63f installed
perl-File-Temp-1:0.231.100-4.el9.noarch 1654115279 166550 99c0617aa2794e843d41f5a1076c8668 installed
perl-Term-Cap-1.17-460.el9.noarch 1667073081 29851 fb30a8d207743b31060119c8586ccf34 installed
perl-Pod-Simple-1:3.42-4.el9.noarch 1654118456 577293 ba0cc386730d4ffba3c08bbcd681e17a installed
perl-HTTP-Tiny-0.076-460.el9.noarch 1654115427 150122 89d638b22f9077353e307c6ca2ab3aa3 installed
perl-Socket-4:2.031-4.el9.x86_64 1654118561 124985 ae31a2940ec4f96669637d87a7f00784 installed
perl-SelectSaver-0:1.02-480.el9.noarch 1681815150 3171 f6b077418b3e3650f0680cbee8a2aab3 installed
perl-Symbol-0:1.08-480.el9.noarch 1681815150 7847 6e240300154f7a6a0997ec2f92597eae installed
perl-File-stat-0:1.09-480.el9.noarch 1681815150 13949 407d57f09dfeac7862e11b26a279d8e3 installed
perl-podlators-1:4.14-460.el9.noarch 1654120726 288742 9b1c044b4a1d5817a1b6572473b76d78 installed
perl-Pod-Perldoc-3.28.01-461.el9.noarch 1654118434 170960 8cb8a53f0b5338108c02ea65f8ef31e6 installed
perl-Fcntl-0:1.13-480.el9.x86_64 1681814770 30124 36d5703ad04fe03820ca1093b8bb7c35 installed
perl-Text-ParseWords-3.30-460.el9.noarch 1654119085 13101 418178c352130063f53571fc5e3084a5 installed
perl-mro-0:1.23-480.el9.x86_64 1681814770 43475 b2fd270d5bddf6203b1598def4bb60ee installed
perl-IO-0:1.43-480.el9.x86_64 1681814770 163130 b11beb71c9c59cd7fe4f0b9b5ceebf0e installed
perl-overloading-0:0.02-480.el9.noarch 1681815150 5893 b3c4e09dbfe9f4319d68b886d568454d installed
perl-Pod-Usage-4:2.01-4.el9.noarch 1654118484 87186 ce8890fe82d58ee8015285882127c062 installed
perl-Errno-0:1.30-480.el9.x86_64 1681814770 9533 4e39437b379b293b1ca59c18e9cb57d1 installed
perl-File-Basename-0:2.85-480.el9.noarch 1681815150 15339 da5731ad5ea0b16a8a29c6994a74bd58 installed
perl-Getopt-Std-0:1.12-480.el9.noarch 1681815150 12107 889a61b86ae1b5a2c99e08869b4f22e1 installed
perl-MIME-Base64-3.16-4.el9.x86_64 1654117494 48153 85bba9d1b1b3d3148a4b6d7a6358fa02 installed
perl-Scalar-List-Utils-4:1.56-461.el9.x86_64 1654118528 143660 d611f3f3ab078c3cab84a6c5bfab5917 installed
perl-constant-1.33-461.el9.noarch 1654120502 27104 b81d271108401de19066ac2d6c98d981 installed
perl-Storable-1:3.21-460.el9.x86_64 1654118647 228556 78fd185078659edcd06bd8905eb27566 installed
perl-overload-0:1.31-480.el9.noarch 1681815150 72822 3fc2311db52dd0368796418862b4173f installed
perl-parent-1:0.238-460.el9.noarch 1654120687 9535 7ee696e219f0769db67bbaa43e8754de installed
perl-vars-0:1.05-480.el9.noarch 1681815150 4926 eff83c55a55372a3c03ae1a4dbe3eb7f installed
perl-Getopt-Long-1:2.52-4.el9.noarch 1654115407 139937 6a23d79373dc6b08a0a7a2c64d241192 installed
perl-Carp-1.50-460.el9.noarch 1654113645 47889 c742ca29bfa7840797fa8243038f316e installed
perl-Exporter-5.74-461.el9.noarch 1654114922 55359 c24e6fca33ae89ed240a642f62908496 installed
perl-NDBM_File-0:1.15-480.el9.x86_64 1681814770 29968 efa5052ead725b3b702acae98ad5948e installed
perl-PathTools-3.78-461.el9.x86_64 1654118336 182542 6298aa101dfee74a3cffa506022f57ed installed
perl-Encode-4:3.08-462.el9.x86_64 1654613051 10240082 bc74b5b98a2744e9b8d76cd190283b70 installed
perl-libs-4:5.32.1-480.el9.x86_64 1681814770 8953674 67b0cd4a86d8178b913e1cccabd61786 installed
perl-interpreter-4:5.32.1-480.el9.x86_64 1681814770 120077 682799f260f39f5863064cae83e63410 installed
kernel-srpm-macros-1.0-12.el9.noarch 1681798781 16918 b8f8ee19aa063d553ef22fb4907f26d3 installed
openssl-1:3.0.7-17.el9_2.x86_64 1690970551 1894453 ebd0c4017634d662c303cf96f4e36782 installed
libpwquality-1.4.4-8.el9.x86_64 1654180476 416416 5d4a49b83e0840dc7ce69be34582a586 installed
pam-1.5.1-14.el9.x86_64 1680517398 1894097 e58c02114fdd1ab34e6314aa35b04537 installed
util-linux-2.37.4-11.el9_2.x86_64 1683682528 11138527 d98c29730036ea442cd6ae63e11483a6 installed
kmod-libs-28-7.el9.x86_64 1654216357 135078 151f0f73b4a7775196fa81756a875b81 installed
dbus-1:1.12.20-7.el9_2.1.x86_64 1691651920 0 c6f0259198de2d68138df41e8c97bb58 installed
systemd-pam-252-14.el9_2.3.x86_64 1690971180 518347 2aee99759a89b6f62506e7665c217dcc installed
systemd-252-14.el9_2.3.x86_64 1690971180 12624529 508d241cfbeb530467474a41cf44ac10 installed
dbus-common-1:1.12.20-7.el9_2.1.noarch 1691651920 11394 9dee436e80a40f45d85dbcf14656c6f6 installed
dbus-broker-28-7.el9.x86_64 1666521910 396514 307f63b145b2d75df5aa1eee985f5d67 installed
elfutils-default-yama-scope-0.188-3.el9.noarch 1680229859 1810 6f0285004dcb4d3fd0677f6786be204b installed
elfutils-libs-0.188-3.el9.x86_64 1680229859 685093 13f61a96bd5adbb1d7df92e2a7362db0 installed
libarchive-3.5.3-4.el9.x86_64 1680238794 906158 a150ce8429e3e6f5102ae085bc86559e installed
libevent-2.1.12-6.el9.x86_64 1654239941 932234 f7c8be3748e19d042275a7c40e9d4de0 installed
openldap-2.6.2-3.el9.x86_64 1666798690 1078953 924bca0a8511b1ed7b8cc7db9a2fb850 installed
libcurl-7.76.1-23.el9_2.4.x86_64 1697553004 663422 69aab03cbae70cd0d7ee7f68e8fbcc3a installed
elfutils-debuginfod-client-0.188-3.el9.x86_64 1680229859 61175 453d9bc034193b10ec31873edc0584bc installed
binutils-gold-2.35.2-37.el9.x86_64 1680221035 2116763 4f2f79996454ad3a8d20f41b8e752984 installed
binutils-2.35.2-37.el9.x86_64 1680221035 25192403 f712cbb8b9dbc4b2c29a8e0f0f89d30d installed
gcc-11.3.1-4.3.el9.x86_64 1681898319 89053291 ec0e3fff20ce3938179949fc293341aa installed
annobin-11.05-1.el9.x86_64 1682328560 1084728 df951bb0b387cecfa134b853daff4718 installed
gcc-plugin-annobin-11.3.1-4.3.el9.x86_64 1681898319 53602 ad98018931b926fe52bd7ffa2fda431b installed
elfutils-0.188-3.el9.x86_64 1680229859 2805138 45df0e85a5939696da0ae728bbe53366 installed
gdb-minimal-10.2-10.el9.x86_64 1666155449 11523350 bcb6e923da62148091b21d77b909f600 installed
curl-7.76.1-23.el9_2.4.x86_64 1697553004 684529 23f4ee559766741d565f85eeaf0dffca installed
rpm-4.16.1.3-22.el9.x86_64 1681914058 2749454 5a7c0f0707484e4bc7fcdd5fa247bbd1 installed
rpm-libs-4.16.1.3-22.el9.x86_64 1681914058 764820 e53d03e26414fdf9c02db4f8fd1364e2 installed
rpm-build-libs-4.16.1.3-22.el9.x86_64 1681914058 198430 00e08eb6f5826e8ac24b2d21721cc3d1 installed
efi-srpm-macros-6-2.el9_0.noarch 1654021782 41047 590a33c072276cd9e1140a74cf33a088 installed
lua-srpm-macros-1-6.el9.noarch 1696125443 1314 8338488ddcdf0cecc87cebec0ad6f180 installed
fonts-srpm-macros-1:2.0.5-7.el9.1.noarch 1654022346 56503 63b3a3b6106f2a0517a0b329312d7253 installed
go-srpm-macros-3.2.0-1.el9.noarch 1681789154 61043 664c7021367f8e2104746934f6a87882 installed
python-srpm-macros-3.9-52.el9.noarch 1654129422 37100 bdcbb24006ab4ff21848aececdf3b6e9 installed
redhat-rpm-config-199-1.el9.noarch 1682453771 191195 7746bf00b09817846b571c807a78fc75 installed
rpm-build-4.16.1.3-22.el9.x86_64 1681914058 235770 2cf0402310166cf541c40eab8ea5e094 installed
gcc-c++-11.3.1-4.3.el9.x86_64 1681898319 33399263 ed1a5dc15b5926c9a11637021cf55ac5 installed
which-2.21-28.el9.x86_64 1666147454 82493 ac382886a6d48039fa91734bd57328c7 installed
nspr-4.35.0-3.el9_2.x86_64 1695066712 320984 80afa0a56b67b3898372ee1b8fe69a9b installed
nss-util-3.90.0-3.el9_2.x86_64 1695066712 229736 6dfc06874c8505fdc2121ad09abb3f3c installed
nss-softokn-freebl-3.90.0-3.el9_2.x86_64 1695066712 782110 f90e3819e75b828f01a16bdf615dace5 installed
nss-softokn-3.90.0-3.el9_2.x86_64 1695066712 1292291 10db1ce83927165d1563cf1b4fd5b7a5 installed
zlib-devel-1.2.11-39.el9.x86_64 1680522418 141092 9e40b8a4ab2ede05efc17cad526e5679 installed
perl-lib-0:0.65-480.el9.x86_64 1681814770 9672 3b3d03480f7eb899b11aa204e83375f5 installed
perl-File-Find-0:1.37-480.el9.noarch 1681815150 39638 f26ce7b4f6bdb05e61f9b97ba06c6b41 installed
perl-Error-1:0.17029-7.el9.noarch 1654114904 79692 8b2280a08b45d9e7ecb1772ba2256f4a installed
perl-DynaLoader-0:1.47-480.el9.x86_64 1681814770 33065 2dfb09ace49c7afc2024d7d2cdf031ac installed
perl-TermReadKey-2.38-11.el9.x86_64 1654118909 66306 1527cec56d61009fbf8c733d09310ff5 installed
libxcrypt-compat-4.4.18-3.el9.x86_64 1654187957 202848 70bf7e3730f72379420cf6ced354c5c2 installed
python3-pip-wheel-21.2.3-6.el9.noarch 1653841609 1220550 2c82da8abafdee25add1d462e3cce696 installed
emacs-filesystem-1:27.2-8.el9_2.1.noarch 1683693192 0 ccfb25dbc8ebab59d5f5f6aadaebda6f installed
python3-setuptools-wheel-53.0.0-12.el9.noarch 1680521114 562584 60cf4647861ba89bd835c761586380f5 installed
python3-libs-3.9.16-1.el9_2.2.x86_64 1696584140 32456905 f2b24ff0cc54373923f2185fa6a3714d installed
python-unversioned-command-3.9.16-1.el9_2.2.noarch 1696592152 23 e66ae2f5935fc77fc779eacb3a66abfe installed
python3-3.9.16-1.el9_2.2.x86_64 1696584140 32632 c35afd29bdaff4c09abe9b3d4a3d0a46 installed
crypto-policies-scripts-20221215-1.git9a18988.el9_2.1.noarch 1695109094 236175 eb6d2617658313bf103dfe282c0eb52f installed
nss-sysinit-3.90.0-3.el9_2.x86_64 1695066712 18177 256588e278ccdb92b345ba4d2cb78263 installed
nss-3.90.0-3.el9_2.x86_64 1695066712 1931277 8be26af717660e5130b0256d254bd452 installed
nss-tools-3.90.0-3.el9_2.x86_64 1695066712 1393475 4cb2ff927ffb8351cb2652165195e513 installed
openssh-8.7p1-30.el9_2.x86_64 1690969836 1960766 39b5033eb85273d46e30449bfe2f74e9 installed
libcbor-0.7.0-5.el9.x86_64 1654238643 100001 3408bcfb089dd8eede6f721d430b356e installed
libfido2-1.6.0-7.el9.x86_64 1654240901 171443 a61dbb9b152b6953ded9baa414b454ed installed
openssh-clients-8.7p1-30.el9_2.x86_64 1690969836 2112269 ec7d4b0b675215766456e40502e7aff2 installed
less-590-2.el9_2.x86_64 1687509989 364648 43146aad3df3503615af524fd547bf50 installed
git-core-2.39.3-1.el9_2.x86_64 1684915640 20265211 ed0d5b98fa7444f1dd56cb796a0b31e2 installed
git-core-doc-2.39.3-1.el9_2.noarch 1684915640 17299641 e440f6c13e663caa4abeafa7ba7cefe6 installed
perl-Git-2.39.3-1.el9_2.noarch 1684915640 66673 df92c005949302f0466d51be89ff1251 installed
git-2.39.3-1.el9_2.x86_64 1684915640 135731 54720220887df620019d43d6bcc4ba64 installed
efivar-libs-38-3.el9.x86_64 1680229795 375306 fd5285c8e02e77797ddfb79df0b13c85 installed
pesign-115-6.el9_1.x86_64 1678182214 761381 d30adb458c974775d3d39c83f0301bdb installed
elfutils-libelf-devel-0.188-3.el9.x86_64 1680229859 34389 ad24fb037e9b40bb4cad0711ee60f273 installed
openssl-devel-1:3.0.7-17.el9_2.x86_64 1690970551 4880528 c2b0eeae8f4794ac7ae32885f76c7c28 installed
dos2unix-7.4.2-4.el9.x86_64 1654203992 708167 bf4f10cb2dbe9fc264c6f808babf4bc1 installed
